<?xml version="1.0" encoding="UTF-8"?>
<testsuite xmlns:xsi="http://www.w3.org/2001/XMLSchema-instance" xsi:noNamespaceSchemaLocation="https://maven.apache.org/surefire/maven-surefire-plugin/xsd/surefire-test-report.xsd" name="Steps.testRunner" time="13.725" tests="3" errors="0" skipped="0" failures="0">
  <properties>
[...]
</properties>
  <testcase name="Verifying tomorrow&apos;s weather of Nottingham city" classname="Verify Nottingham weather" time="7.558"/>
  <testcase name="Verifying tomorrow&apos;s weather of Nottingham city" classname="Verify Nottingham weather" time="2.647"/>
  <testcase name="Verifying tomorrow&apos;s weather of Nottingham city" classname="Verify Nottingham weather" time="2.47"/>
</testsuite>