<?xml version="1.0" encoding="UTF-8"?>
<testng-results skipped="0" failed="0" ignored="0" total="0" passed="0">
  <reporter-output>
  </reporter-output>
  <suite name="Meta_Weather_Test" duration-ms="11" started-at="2021-02-13T20:36:04Z" finished-at="2021-02-13T20:36:04Z">
    <groups>
    </groups>
    <test name="CityWeatherTest" duration-ms="11" started-at="2021-02-13T20:36:04Z" finished-at="2021-02-13T20:36:04Z">
    </test> <!-- CityWeatherTest -->
  </suite> <!-- Meta_Weather_Test -->
</testng-results>
